<?xml version="1.0" encoding="UTF-8"?>
<testsuite xmlns:xsi="http://www.w3.org/2001/XMLSchema-instance" xsi:noNamespaceSchemaLocation="https://maven.apache.org/surefire/maven-surefire-plugin/xsd/surefire-test-report.xsd" name="org.example.AppTest" time="0.101" tests="5" errors="0" skipped="0" failures="5">
  <properties>
    <property name="java.specification.version" value="17"/>
    <property name="sun.cpu.isalist" value="amd64"/>
    <property name="sun.jnu.encoding" value="UTF-8"/>
    <property name="java.class.path" value="D:\Work\Projects\FooBar\target\test-classes;D:\Work\Projects\FooBar\target\classes;C:\Users\alexdouble\.m2\repository\org\junit\jupiter\junit-jupiter-api\5.11.0-M2\junit-jupiter-api-5.11.0-M2.jar;C:\Users\alexdouble\.m2\repository\org\opentest4j\opentest4j\1.3.0\opentest4j-1.3.0.jar;C:\Users\alexdouble\.m2\repository\org\junit\platform\junit-platform-commons\1.11.0-M2\junit-platform-commons-1.11.0-M2.jar;C:\Users\alexdouble\.m2\repository\org\apiguardian\apiguardian-api\1.1.2\apiguardian-api-1.1.2.jar;C:\Users\alexdouble\.m2\repository\org\assertj\assertj-core\3.26.0\assertj-core-3.26.0.jar;C:\Users\alexdouble\.m2\repository\net\bytebuddy\byte-buddy\1.14.16\byte-buddy-1.14.16.jar;"/>
    <property name="java.vm.vendor" value="Oracle Corporation"/>
    <property name="sun.arch.data.model" value="64"/>
    <property name="user.variant" value=""/>
    <property name="java.vendor.url" value="https://java.oracle.com/"/>
    <property name="user.timezone" value="Asia/Dubai"/>
    <property name="os.name" value="Windows 11"/>
    <property name="java.vm.specification.version" value="17"/>
    <property name="sun.java.launcher" value="SUN_STANDARD"/>
    <property name="user.country" value="RU"/>
    <property name="sun.boot.library.path" value="C:\Program Files\Java\jdk-17\bin"/>
    <property name="sun.java.command" value="C:\Users\ALEXDO~1\AppData\Local\Temp\surefire15678726706871508107\surefirebooter17895854091598150143.jar C:\Users\alexdouble\AppData\Local\Temp\surefire15678726706871508107 2024-06-22T08-19-35_313-jvmRun1 surefire7688493139035713404tmp surefire_07930822234276920425tmp"/>
    <property name="jdk.debug" value="release"/>
    <property name="surefire.test.class.path" value="D:\Work\Projects\FooBar\target\test-classes;D:\Work\Projects\FooBar\target\classes;C:\Users\alexdouble\.m2\repository\org\junit\jupiter\junit-jupiter-api\5.11.0-M2\junit-jupiter-api-5.11.0-M2.jar;C:\Users\alexdouble\.m2\repository\org\opentest4j\opentest4j\1.3.0\opentest4j-1.3.0.jar;C:\Users\alexdouble\.m2\repository\org\junit\platform\junit-platform-commons\1.11.0-M2\junit-platform-commons-1.11.0-M2.jar;C:\Users\alexdouble\.m2\repository\org\apiguardian\apiguardian-api\1.1.2\apiguardian-api-1.1.2.jar;C:\Users\alexdouble\.m2\repository\org\assertj\assertj-core\3.26.0\assertj-core-3.26.0.jar;C:\Users\alexdouble\.m2\repository\net\bytebuddy\byte-buddy\1.14.16\byte-buddy-1.14.16.jar;"/>
    <property name="sun.cpu.endian" value="little"/>
    <property name="user.home" value="C:\Users\alexdouble"/>
    <property name="user.language" value="ru"/>
    <property name="java.specification.vendor" value="Oracle Corporation"/>
    <property name="java.version.date" value="2024-04-16"/>
    <property name="java.home" value="C:\Program Files\Java\jdk-17"/>
    <property name="file.separator" value="\"/>
    <property name="basedir" value="D:\Work\Projects\FooBar"/>
    <property name="java.vm.compressedOopsMode" value="Zero based"/>
    <property name="line.separator" value="&#10;"/>
    <property name="java.vm.specification.vendor" value="Oracle Corporation"/>
    <property name="java.specification.name" value="Java Platform API Specification"/>
    <property name="surefire.real.class.path" value="C:\Users\ALEXDO~1\AppData\Local\Temp\surefire15678726706871508107\surefirebooter17895854091598150143.jar"/>
    <property name="user.script" value=""/>
    <property name="sun.management.compiler" value="HotSpot 64-Bit Tiered Compilers"/>
    <property name="java.runtime.version" value="17.0.11+7-LTS-207"/>
    <property name="user.name" value="alexdouble"/>
    <property name="path.separator" value=";"/>
    <property name="os.version" value="10.0"/>
    <property name="java.runtime.name" value="Java(TM) SE Runtime Environment"/>
    <property name="file.encoding" value="UTF-8"/>
    <property name="java.vm.name" value="Java HotSpot(TM) 64-Bit Server VM"/>
    <property name="localRepository" value="C:\Users\alexdouble\.m2\repository"/>
    <property name="java.vendor.url.bug" value="https://bugreport.java.com/bugreport/"/>
    <property name="java.io.tmpdir" value="C:\Users\ALEXDO~1\AppData\Local\Temp\"/>
    <property name="idea.version" value="2022.1.4"/>
    <property name="java.version" value="17.0.11"/>
    <property name="user.dir" value="D:\Work\Projects\FooBar"/>
    <property name="os.arch" value="amd64"/>
    <property name="java.vm.specification.name" value="Java Virtual Machine Specification"/>
    <property name="sun.os.patch.level" value=""/>
    <property name="native.encoding" value="UTF-8"/>
    <property name="java.library.path" value="C:\Program Files\Java\jdk-17\bin;C:\Windows\Sun\Java\bin;C:\Windows\system32;C:\Windows;C:\Program Files\Common Files\Oracle\Java\javapath;C:\Program Files (x86)\Common Files\Oracle\Java\java8path;C:\Program Files (x86)\Common Files\Oracle\Java\javapath;C:\Windows\system32;C:\Windows;C:\Windows\System32\Wbem;C:\Windows\System32\WindowsPowerShell\v1.0\;C:\Windows\System32\OpenSSH\;C:\Program Files\Java\jdk-1.8\bin;C:\Program Files\PuTTY\;C:\apache-maven-3.6.2\bin;C:\Program Files\Git\cmd;C:\Users\alexdouble\AppData\Local\Microsoft\WindowsApps;C:\Program Files\JetBrains\IntelliJ IDEA 2022.1.4\bin;."/>
    <property name="java.vm.info" value="mixed mode, sharing"/>
    <property name="java.vendor" value="Oracle Corporation"/>
    <property name="java.vm.version" value="17.0.11+7-LTS-207"/>
    <property name="sun.io.unicode.encoding" value="UnicodeLittle"/>
    <property name="java.class.version" value="61.0"/>
  </properties>
  <testcase name="org.example.AppTest.testPrintDigits4" classname="org.example.AppTest" time="0.078">
    <failure message="&#10;Expecting actual:&#10;  &quot;&quot;&#10;to be equal to:&#10;  &quot;1&#10;2&#10;Foo&#10;4&#10;Bar&#10;Foo&#10;7&#10;8&#10;Foo&#10;Bar&#10;11&#10;Foo&#10;13&#10;14&#10;FooBar&#10;16&#10;17&#10;Foo&#10;19&#10;Bar&#10;Foo&#10;22&#10;23&#10;Foo&#10;Bar&#10;26&#10;Foo&#10;28&#10;29&#10;FooBar&#10;&quot;&#10;when ignoring whitespace differences" type="org.opentest4j.AssertionFailedError">org.opentest4j.AssertionFailedError: 

Expecting actual:
  ""
to be equal to:
  "1
2
Foo
4
Bar
Foo
7
8
Foo
Bar
11
Foo
13
14
FooBar
16
17
Foo
19
Bar
Foo
22
23
Foo
Bar
26
Foo
28
29
FooBar
"
when ignoring whitespace differences
	at org.example.AppTest.testPrintDigits4(AppTest.java:49)
</failure>
    <system-out><![CDATA[1
2
Foo
4
Bar
Foo
7
8
Foo
Bar
11
Foo
13
14
FooBar
16
17
Foo
19
Bar
Foo
22
23
Foo
Bar
26
Foo
28
29
FooBar
]]></system-out>
  </testcase>
  <testcase name="org.example.AppTest.testPrintDigits2" classname="org.example.AppTest" time="0">
    <failure message="&#10;Expecting actual:&#10;  &quot;&quot;&#10;to be equal to:&#10;  &quot;1&#10;2&#10;Foo&#10;4&#10;Bar&#10;Foo&#10;7&#10;8&#10;Foo&#10;Bar&#10;11&#10;Foo&#10;13&#10;14&#10;FooBar&#10;16&#10;17&#10;Foo&#10;19&#10;Bar&#10;Foo&#10;22&#10;23&#10;Foo&#10;Bar&#10;26&#10;Foo&#10;28&#10;29&#10;FooBar&#10;&quot;&#10;when ignoring whitespace differences" type="org.opentest4j.AssertionFailedError">org.opentest4j.AssertionFailedError: 

Expecting actual:
  ""
to be equal to:
  "1
2
Foo
4
Bar
Foo
7
8
Foo
Bar
11
Foo
13
14
FooBar
16
17
Foo
19
Bar
Foo
22
23
Foo
Bar
26
Foo
28
29
FooBar
"
when ignoring whitespace differences
	at org.example.AppTest.testPrintDigits2(AppTest.java:37)
</failure>
    <system-out><![CDATA[1
2
Foo
4
Bar
Foo
7
8
Foo
Bar
11
Foo
13
14
FooBar
16
17
Foo
19
Bar
Foo
22
23
Foo
Bar
26
Foo
28
29
FooBar
]]></system-out>
  </testcase>
  <testcase name="org.example.AppTest.testPrintDigits" classname="org.example.AppTest" time="0">
    <failure message="&#10;Expecting actual:&#10;  &quot;&quot;&#10;to be equal to:&#10;  &quot;1&#10;2&#10;Foo&#10;4&#10;Bar&#10;Foo&#10;7&#10;8&#10;Foo&#10;Bar&#10;11&#10;Foo&#10;13&#10;14&#10;FooBar&#10;16&#10;17&#10;Foo&#10;19&#10;Bar&#10;Foo&#10;22&#10;23&#10;Foo&#10;Bar&#10;26&#10;Foo&#10;28&#10;29&#10;FooBar&#10;&quot;&#10;when ignoring whitespace differences" type="org.opentest4j.AssertionFailedError">org.opentest4j.AssertionFailedError: 

Expecting actual:
  ""
to be equal to:
  "1
2
Foo
4
Bar
Foo
7
8
Foo
Bar
11
Foo
13
14
FooBar
16
17
Foo
19
Bar
Foo
22
23
Foo
Bar
26
Foo
28
29
FooBar
"
when ignoring whitespace differences
	at org.example.AppTest.testPrintDigits(AppTest.java:25)
</failure>
    <system-out><![CDATA[1
2
Foo
4
Bar
Foo
7
8
Foo
Bar
11
Foo
13
14
FooBar
16
17
Foo
19
Bar
Foo
22
23
Foo
Bar
26
Foo
28
29
FooBar
]]></system-out>
  </testcase>
  <testcase name="org.example.AppTest.testPrintDigits3" classname="org.example.AppTest" time="0">
    <failure message="&#10;Expecting actual:&#10;  &quot;&quot;&#10;to be equal to:&#10;  &quot;1&#10;2&#10;Foo&#10;4&#10;Bar&#10;Foo&#10;7&#10;8&#10;Foo&#10;Bar&#10;11&#10;Foo&#10;13&#10;14&#10;FooBar&#10;16&#10;17&#10;Foo&#10;19&#10;Bar&#10;Foo&#10;22&#10;23&#10;Foo&#10;Bar&#10;26&#10;Foo&#10;28&#10;29&#10;FooBar&#10;&quot;&#10;when ignoring whitespace differences" type="org.opentest4j.AssertionFailedError">org.opentest4j.AssertionFailedError: 

Expecting actual:
  ""
to be equal to:
  "1
2
Foo
4
Bar
Foo
7
8
Foo
Bar
11
Foo
13
14
FooBar
16
17
Foo
19
Bar
Foo
22
23
Foo
Bar
26
Foo
28
29
FooBar
"
when ignoring whitespace differences
	at org.example.AppTest.testPrintDigits3(AppTest.java:43)
</failure>
    <system-out><![CDATA[1
2
Foo
4
Bar
Foo
7
8
Foo
Bar
11
Foo
13
14
FooBar
16
17
Foo
19
Bar
Foo
22
23
Foo
Bar
26
Foo
28
29
FooBar
]]></system-out>
  </testcase>
  <testcase name="org.example.AppTest.testPrintDigits1" classname="org.example.AppTest" time="0.016">
    <failure message="&#10;Expecting actual:&#10;  &quot;&quot;&#10;to be equal to:&#10;  &quot;1&#10;2&#10;Foo&#10;4&#10;Bar&#10;Foo&#10;7&#10;8&#10;Foo&#10;Bar&#10;11&#10;Foo&#10;13&#10;14&#10;FooBar&#10;16&#10;17&#10;Foo&#10;19&#10;Bar&#10;Foo&#10;22&#10;23&#10;Foo&#10;Bar&#10;26&#10;Foo&#10;28&#10;29&#10;FooBar&#10;&quot;&#10;when ignoring whitespace differences" type="org.opentest4j.AssertionFailedError">org.opentest4j.AssertionFailedError: 

Expecting actual:
  ""
to be equal to:
  "1
2
Foo
4
Bar
Foo
7
8
Foo
Bar
11
Foo
13
14
FooBar
16
17
Foo
19
Bar
Foo
22
23
Foo
Bar
26
Foo
28
29
FooBar
"
when ignoring whitespace differences
	at org.example.AppTest.testPrintDigits1(AppTest.java:31)
</failure>
    <system-out><![CDATA[1
2
Foo
4
Bar
Foo
7
8
Foo
Bar
11
Foo
13
14
FooBar
16
17
Foo
19
Bar
Foo
22
23
Foo
Bar
26
Foo
28
29
FooBar
]]></system-out>
  </testcase>
</testsuite>